2024-11-21 16:46:13,304 - INFO - Current Directory: /Users/vahidatabaigi/SIP/ESP_HardSplits/notebooks_and_code
2024-11-21 16:46:13,407 - INFO - Start Clustering the data with CD-HIT
2024-11-21 16:58:39,681 - INFO - Clustering report for 80% similarity
            cluster
count  13047.000000
mean    3811.097264
std     2204.566880
min        0.000000
25%     1946.500000
50%     3762.000000
75%     5691.000000
max     7803.000000
2024-11-21 16:58:39,866 - INFO - Clustering report for 60% similarity
            cluster
count  13047.000000
mean    3264.400245
std     1865.542034
min        0.000000
25%     1722.000000
50%     3197.000000
75%     4828.500000
max     6716.000000
2024-11-21 16:58:39,924 - INFO - Clustering report for 40% similarity
            cluster
count  13047.000000
mean    2347.679007
std     1340.606206
min        0.000000
25%     1235.000000
50%     2256.000000
75%     3444.500000
max     4927.000000
2024-11-21 16:58:47,247 - INFO - Clustering the data with CD-HIT DONE
2024-11-21 16:58:47,250 - INFO - Start Splitting the data based one [8, 2] split size 
2024-11-21 16:58:56,654 - INFO - Data Report after splitting data by ESP split method and check for NaN or null cells in the data
              NaNTrain  NullTrain  NaNTest  NullTest
Uniprot ID           0          0        0         0
molecule ID          0          0        0         0
evidence             0          0        0         0
Binding              0          0        0         0
type             10405          0     2658         0
substrate ID         0          0        0         0
ESM1b_ts             0          0        0         0
PreGNN               0          0        0         0
ECFP                 0          0        0         0
Sequence             0          0        0         0
SMILES               0          0        0         0
cluster              8          0        8         0
2024-11-21 16:58:56,655 - INFO - Total number of samples: 13063
2024-11-21 16:58:56,655 - INFO - Ratio of test set to total dataset: 0.2
2024-11-21 16:58:56,655 - INFO - Drop nan data based on cluster column, if exist
2024-11-21 16:58:56,658 - INFO - Start to create negative data points for the train set...
2024-11-21 16:59:04,579 - INFO - Number of metabolites in train set: 1114
2024-11-21 17:06:05,641 - INFO - Creating negative data points for the train set DONE
2024-11-21 17:06:05,642 - INFO - Start to create negative data points for the test set...
2024-11-21 17:06:07,944 - INFO - Number of metabolites in test set: 577
2024-11-21 17:07:39,754 - INFO - Creating negative data points for the test set DONE
2024-11-21 17:07:39,844 - INFO - Data report after adding negative data and check for NaN or null cells in the data
              NaNTrain  NullTrain  NaNTest  NullTest
Uniprot ID           0          0        0         0
molecule ID          0          0        0         0
evidence         29007          0     7395         0
Binding              0          0        0         0
type             39404          0    10045         0
substrate ID         0          0        0         0
ESM1b_ts             0          0        0         0
PreGNN               0          0        0         0
ECFP                 0          0        0         0
Sequence             0          0        0         0
SMILES               0          0        0         0
cluster          29007          0     7395         0
2024-11-21 17:07:39,844 - INFO - Total number of samples: 49449
2024-11-21 17:07:39,844 - INFO - Ratio of test set to total dataset: 0.2
2024-11-21 17:07:39,848 - INFO - The ratio of negative to positive data in train: 2.79
2024-11-21 17:07:39,848 - INFO - The ratio of negative to positive data in test: 2.79
2024-11-21 17:07:39,963 - INFO - [32m***** PROCESS COMPLETED: For an overview, please review the Report_ESP_D5258_2S.log file in Reports folder. *****[0m
