2024-07-11 01:26:53,297 - INFO - Current Directory: /scratch/SCRATCH_SAS/vahid/SIP/ESP_HardSplits/notebooks_and_code
2024-07-11 01:26:53,297 - INFO - Reading the data for _NoATP_2S
2024-07-11 01:26:53,403 - INFO - Start Clustering the data with CD-HIT
2024-07-11 01:46:02,465 - INFO - Clustering report for 80% similarity
            cluster
count  14897.000000
mean    3914.539773
std     2279.075609
min        0.000000
25%     2017.000000
50%     3858.000000
75%     5824.000000
max     8102.000000
2024-07-11 01:46:02,609 - INFO - Clustering report for 60% similarity
            cluster
count  14897.000000
mean    3276.781567
std     1913.816298
min        0.000000
25%     1696.000000
50%     3215.000000
75%     4875.000000
max     6887.000000
2024-07-11 01:46:03,101 - INFO - Clustering report for 40% similarity
            cluster
count  14897.000000
mean    2257.756595
std     1344.138043
min        0.000000
25%     1177.000000
50%     2152.000000
75%     3388.000000
max     4925.000000
2024-07-11 01:46:31,436 - INFO - Clustering the data with CD-HIT DONE
2024-07-11 01:46:31,454 - INFO - Start Splitting the data based one [8, 2] split size 
2024-07-11 01:47:08,235 - INFO - Data Report after splitting data by ESP split method and check for NaN or null cells in the data
              NaNTrain  NullTrain  NaNTest  NullTest
Uniprot ID           0          0        0         0
molecule ID          0          0        0         0
evidence             0          0        0         0
Binding              0          0        0         0
type             11932          0     2981         0
substrate ID         0          0        0         0
ESM1b_ts             0          0        0         0
PreGNN               0          0        0         0
ECFP                 0          0        0         0
Sequence             0          0        0         0
SMILES               0          0        0         0
cluster              8          0        8         0
2024-07-11 01:47:08,239 - INFO - Total number of samples: 14913
2024-07-11 01:47:08,239 - INFO - Ratio of test set to total dataset: 0.2
2024-07-11 01:47:08,239 - INFO - Drop nan data based on cluster column, if exist
2024-07-11 01:47:08,248 - INFO - Start to create negative data points for the train set...
2024-07-11 01:47:50,353 - INFO - Number of metabolites in train set: 1244
2024-07-11 02:07:36,449 - INFO - Creating negative data points for the train set DONE
2024-07-11 02:07:36,449 - INFO - Start to create negative data points for the test set...
2024-07-11 02:07:50,312 - INFO - Number of metabolites in test set: 688
2024-07-11 02:12:14,439 - INFO - Creating negative data points for the test set DONE
2024-07-11 02:12:14,711 - INFO - Data report after adding negative data and check for NaN or null cells in the data
              NaNTrain  NullTrain  NaNTest  NullTest
Uniprot ID           0          0        0         0
molecule ID          0          0        0         0
evidence         33786          0     8429         0
Binding              0          0        0         0
type             45710          0    11402         0
substrate ID         0          0        0         0
ESM1b_ts             0          0        0         0
PreGNN               0          0        0         0
ECFP                 0          0        0         0
Sequence             0          0        0         0
SMILES               0          0        0         0
cluster          33786          0     8429         0
2024-07-11 02:12:14,711 - INFO - Total number of samples: 57112
2024-07-11 02:12:14,711 - INFO - Ratio of test set to total dataset: 0.2
2024-07-11 02:12:14,723 - INFO - The ratio of negative to positive data in train: 2.83
2024-07-11 02:12:14,724 - INFO - The ratio of negative to positive data in test: 2.84
2024-07-11 02:12:15,326 - INFO - [32m***** PROCESS COMPLETED: For an overview, please review the Report_ESP_NoATP_2S.log file in Reports folder. *****[0m
