2024-07-11 11:55:23,534 - INFO - Current Directory: /scratch/SCRATCH_SAS/vahid/SIP/ESP_HardSplits/notebooks_and_code
2024-07-11 11:55:23,535 - INFO - Reading the data for C1f_2S
2024-07-11 11:55:23,774 - INFO - Start Clustering the data with CD-HIT
2024-07-11 12:19:31,407 - INFO - Clustering report for 80% similarity
            cluster
count  18304.000000
mean    4662.253551
std     2685.167080
min        0.000000
25%     2412.750000
50%     4592.500000
75%     6950.000000
max     9548.000000
2024-07-11 12:19:31,545 - INFO - Clustering report for 60% similarity
            cluster
count  18304.000000
mean    3946.218204
std     2249.930576
min        0.000000
25%     2100.000000
50%     3865.000000
75%     5831.250000
max     8140.000000
2024-07-11 12:19:31,821 - INFO - Clustering report for 40% similarity
            cluster
count  18304.000000
mean    2778.997214
std     1587.534795
min        0.000000
25%     1478.750000
50%     2661.000000
75%     4085.250000
max     5880.000000
2024-07-11 12:20:01,723 - INFO - Clustering the data with CD-HIT DONE
2024-07-11 12:20:01,730 - INFO - Start Splitting the data based one [8, 2] split size 
2024-07-11 12:20:35,895 - INFO - Data Report after splitting data by ESP split method and check for NaN or null cells in the data
              NaNTrain  NullTrain  NaNTest  NullTest
Uniprot ID           0          0        0         0
molecule ID          0          0        0         0
evidence             0          0        0         0
Binding              0          0        0         0
type             14619          0     3703         0
substrate ID         0          0        0         0
ESM1b_ts             0          0        0         0
PreGNN               0          0        0         0
ECFP                 0          0        0         0
Sequence             0          0        0         0
SMILES               0          0        0         0
split                0          0        0         0
cluster              9          0        9         0
2024-07-11 12:20:35,896 - INFO - Total number of samples: 18322
2024-07-11 12:20:35,896 - INFO - Ratio of test set to total dataset: 0.2
2024-07-11 12:20:35,896 - INFO - Drop nan data based on cluster column, if exist
2024-07-11 12:20:35,905 - INFO - Start to create negative data points for the train set...
2024-07-11 12:21:10,123 - INFO - Number of metabolites in train set: 1264
2024-07-11 12:39:49,050 - INFO - Creating negative data points for the train set DONE
2024-07-11 12:39:49,050 - INFO - Start to create negative data points for the test set...
2024-07-11 12:39:59,721 - INFO - Number of metabolites in test set: 689
2024-07-11 12:43:57,932 - INFO - Creating negative data points for the test set DONE
2024-07-11 12:43:58,196 - INFO - Data report after adding negative data and check for NaN or null cells in the data
              NaNTrain  NullTrain  NaNTest  NullTest
Uniprot ID           0          0        0         0
molecule ID          0          0        0         0
evidence         40764          0    10362         0
Binding              0          0        0         0
type             55374          0    14056         0
substrate ID         0          0        0         0
ESM1b_ts             0          0        0         0
PreGNN               0          0        0         0
ECFP                 0          0        0         0
Sequence             0          0        0         0
SMILES               0          0        0         0
split            40764          0    10362         0
cluster          40764          0    10362         0
2024-07-11 12:43:58,197 - INFO - Total number of samples: 69430
2024-07-11 12:43:58,197 - INFO - Ratio of test set to total dataset: 0.2
2024-07-11 12:43:58,208 - INFO - The ratio of negative to positive data in train: 2.79
2024-07-11 12:43:58,208 - INFO - The ratio of negative to positive data in test: 2.81
2024-07-11 12:43:58,604 - INFO - [32m***** PROCESS COMPLETED: For an overview, please review the Report_ESPC1f_2S.log file in Reports folder. *****[0m
