2024-11-21 17:08:29,009 - INFO - Current Directory: /Users/vahidatabaigi/SIP/ESP_HardSplits/notebooks_and_code
2024-11-21 17:08:29,102 - INFO - Start Clustering the data with CD-HIT
2024-11-21 17:18:06,267 - INFO - Clustering report for 80% similarity
            cluster
count  13049.000000
mean    3620.610545
std     2151.701181
min        0.000000
25%     1820.000000
50%     3528.000000
75%     5453.000000
max     7578.000000
2024-11-21 17:18:06,320 - INFO - Clustering report for 60% similarity
            cluster
count  13049.000000
mean    3017.478121
std     1801.099802
min        0.000000
25%     1520.000000
50%     2927.000000
75%     4533.000000
max     6427.000000
2024-11-21 17:18:06,513 - INFO - Clustering report for 40% similarity
            cluster
count  13049.000000
mean    2067.668710
std     1262.892607
min        0.000000
25%     1050.000000
50%     1928.000000
75%     3106.000000
max     4596.000000
2024-11-21 17:18:12,690 - INFO - Clustering the data with CD-HIT DONE
2024-11-21 17:18:12,693 - INFO - Start Splitting the data based one [8, 2] split size 
2024-11-21 17:18:20,720 - INFO - Data Report after splitting data by ESP split method and check for NaN or null cells in the data
              NaNTrain  NullTrain  NaNTest  NullTest
Uniprot ID           0          0        0         0
molecule ID          0          0        0         0
evidence             0          0        0         0
Binding              0          0        0         0
type             10546          0     2515         0
substrate ID         0          0        0         0
ESM1b_ts             0          0        0         0
PreGNN               0          0        0         0
ECFP                 0          0        0         0
Sequence             0          0        0         0
SMILES               0          0        0         0
cluster              6          0        6         0
2024-11-21 17:18:20,721 - INFO - Total number of samples: 13061
2024-11-21 17:18:20,721 - INFO - Ratio of test set to total dataset: 0.19
2024-11-21 17:18:20,721 - INFO - Drop nan data based on cluster column, if exist
2024-11-21 17:18:20,724 - INFO - Start to create negative data points for the train set...
2024-11-21 17:18:29,152 - INFO - Number of metabolites in train set: 1255
2024-11-21 17:24:49,791 - INFO - Creating negative data points for the train set DONE
2024-11-21 17:24:49,793 - INFO - Start to create negative data points for the test set...
2024-11-21 17:24:52,127 - INFO - Number of metabolites in test set: 654
2024-11-21 17:26:13,591 - INFO - Creating negative data points for the test set DONE
2024-11-21 17:26:13,672 - INFO - Data report after adding negative data and check for NaN or null cells in the data
              NaNTrain  NullTrain  NaNTest  NullTest
Uniprot ID           0          0        0         0
molecule ID          0          0        0         0
evidence         29561          0     7034         0
Binding              0          0        0         0
type             40101          0     9543         0
substrate ID         0          0        0         0
ESM1b_ts             0          0        0         0
PreGNN               0          0        0         0
ECFP                 0          0        0         0
Sequence             0          0        0         0
SMILES               0          0        0         0
cluster          29561          0     7034         0
2024-11-21 17:26:13,672 - INFO - Total number of samples: 49644
2024-11-21 17:26:13,672 - INFO - Ratio of test set to total dataset: 0.19
2024-11-21 17:26:13,676 - INFO - The ratio of negative to positive data in train: 2.8
2024-11-21 17:26:13,676 - INFO - The ratio of negative to positive data in test: 2.8
2024-11-21 17:26:13,785 - INFO - [32m***** PROCESS COMPLETED: For an overview, please review the Report_ESP_NoEng_2S.log file in Reports folder. *****[0m
