2025-03-24 14:56:34,884 - INFO - Current Directory: /Users/vahidatabaigi/SIP/ESP_HardSplits/notebooks_and_code
2025-03-24 14:56:34,979 - INFO - Start Clustering the data with CD-HIT
2025-03-24 15:07:19,735 - INFO - Clustering report for 80% similarity
            cluster
count  11345.000000
mean    3474.348524
std     2026.164437
min        0.000000
25%     1767.000000
50%     3413.000000
75%     5217.000000
max     7135.000000
2025-03-24 15:07:19,784 - INFO - Clustering report for 60% similarity
            cluster
count  11345.000000
mean    2989.315998
std     1724.967543
min        0.000000
25%     1559.000000
50%     2928.000000
75%     4449.000000
max     6174.000000
2025-03-24 15:07:19,990 - INFO - Clustering report for 40% similarity
            cluster
count  11345.000000
mean    2168.441075
std     1255.116279
min        0.000000
25%     1133.000000
50%     2090.000000
75%     3209.000000
max     4585.000000
2025-03-24 15:07:26,218 - INFO - Clustering the data with CD-HIT DONE
2025-03-24 15:07:26,221 - INFO - Start Splitting the data based one [8, 2] split size 
2025-03-24 15:07:32,078 - INFO - Data Report after splitting data by ESP split method and check for NaN or null cells in the data
              NaNTrain  NullTrain  NaNTest  NullTest
Uniprot ID           0          0        0         0
molecule ID          0          0        0         0
evidence             0          0        0         0
Binding              0          0        0         0
type              9102          0     2251         0
substrate ID         0          0        0         0
ESM1b_ts             0          0        0         0
PreGNN               0          0        0         0
ECFP                 0          0        0         0
Sequence             0          0        0         0
SMILES               0          0        0         0
cluster              4          0        4         0
2025-03-24 15:07:32,078 - INFO - Total number of samples: 11353
2025-03-24 15:07:32,078 - INFO - Ratio of test set to total dataset: 0.2
2025-03-24 15:07:32,078 - INFO - Drop nan data based on cluster column, if exist
2025-03-24 15:07:32,081 - INFO - Start to create negative data points for the train set...
2025-03-24 15:07:39,802 - INFO - Number of metabolites in train set: 1048
2025-03-24 15:12:43,410 - INFO - Creating negative data points for the train set DONE
2025-03-24 15:12:43,412 - INFO - Start to create negative data points for the test set...
2025-03-24 15:12:45,506 - INFO - Number of metabolites in test set: 562
2025-03-24 15:13:51,935 - INFO - Creating negative data points for the test set DONE
2025-03-24 15:13:52,006 - INFO - Data report after adding negative data and check for NaN or null cells in the data
              NaNTrain  NullTrain  NaNTest  NullTest
Uniprot ID           0          0        0         0
molecule ID          0          0        0         0
evidence         25392          0     6333         0
Binding              0          0        0         0
type             34490          0     8580         0
substrate ID         0          0        0         0
ESM1b_ts             0          0        0         0
PreGNN               0          0        0         0
ECFP                 0          0        0         0
Sequence             0          0        0         0
SMILES               0          0        0         0
cluster          25392          0     6333         0
2025-03-24 15:13:52,006 - INFO - Total number of samples: 43070
2025-03-24 15:13:52,006 - INFO - Ratio of test set to total dataset: 0.2
2025-03-24 15:13:52,010 - INFO - The ratio of negative to positive data in train: 2.79
2025-03-24 15:13:52,010 - INFO - The ratio of negative to positive data in test: 2.82
2025-03-24 15:13:52,150 - INFO - [32m***** PROCESS COMPLETED: For an overview, please review the Report_ESP_D6964_2S.log file in Reports folder. *****[0m
