2024-07-05 00:18:35,776 - INFO - Current directory: /scratch/SCRATCH_SAS/vahid/SIP/ESP_HardSplits/notebooks_and_code
2024-07-05 00:19:08,699 - ERROR - job exception: [00:19:08] /workspace/src/c_api/../common/common.h:174: XGBoost version not compiled with GPU support.
Stack trace:
  [bt] (0) /home/vat23/miniconda3/envs/SIP/lib/python3.12/site-packages/xgboost/lib/libxgboost.so(+0x1705ee) [0x7f55a35af5ee]
  [bt] (1) /home/vat23/miniconda3/envs/SIP/lib/python3.12/site-packages/xgboost/lib/libxgboost.so(+0x1708b1) [0x7f55a35af8b1]
  [bt] (2) /home/vat23/miniconda3/envs/SIP/lib/python3.12/site-packages/xgboost/lib/libxgboost.so(+0x4da1ff) [0x7f55a39191ff]
  [bt] (3) /home/vat23/miniconda3/envs/SIP/lib/python3.12/site-packages/xgboost/lib/libxgboost.so(+0x52df50) [0x7f55a396cf50]
  [bt] (4) /home/vat23/miniconda3/envs/SIP/lib/python3.12/site-packages/xgboost/lib/libxgboost.so(+0x52f888) [0x7f55a396e888]
  [bt] (5) /home/vat23/miniconda3/envs/SIP/lib/python3.12/site-packages/xgboost/lib/libxgboost.so(XGBoosterUpdateOneIter+0x5b) [0x7f55a34c80ab]
  [bt] (6) /home/vat23/miniconda3/envs/SIP/lib/python3.12/lib-dynload/../../libffi.so.8(+0x6a4a) [0x7f55b6f37a4a]
  [bt] (7) /home/vat23/miniconda3/envs/SIP/lib/python3.12/lib-dynload/../../libffi.so.8(+0x5fea) [0x7f55b6f36fea]
  [bt] (8) /home/vat23/miniconda3/envs/SIP/lib/python3.12/lib-dynload/_ctypes.cpython-312-x86_64-linux-gnu.so(+0x13474) [0x7f55b6f50474]


2024-07-05 00:19:08,704 - ERROR - Error during hyperparameter optimization: [00:19:08] /workspace/src/c_api/../common/common.h:174: XGBoost version not compiled with GPU support.
Stack trace:
  [bt] (0) /home/vat23/miniconda3/envs/SIP/lib/python3.12/site-packages/xgboost/lib/libxgboost.so(+0x1705ee) [0x7f55a35af5ee]
  [bt] (1) /home/vat23/miniconda3/envs/SIP/lib/python3.12/site-packages/xgboost/lib/libxgboost.so(+0x1708b1) [0x7f55a35af8b1]
  [bt] (2) /home/vat23/miniconda3/envs/SIP/lib/python3.12/site-packages/xgboost/lib/libxgboost.so(+0x4da1ff) [0x7f55a39191ff]
  [bt] (3) /home/vat23/miniconda3/envs/SIP/lib/python3.12/site-packages/xgboost/lib/libxgboost.so(+0x52df50) [0x7f55a396cf50]
  [bt] (4) /home/vat23/miniconda3/envs/SIP/lib/python3.12/site-packages/xgboost/lib/libxgboost.so(+0x52f888) [0x7f55a396e888]
  [bt] (5) /home/vat23/miniconda3/envs/SIP/lib/python3.12/site-packages/xgboost/lib/libxgboost.so(XGBoosterUpdateOneIter+0x5b) [0x7f55a34c80ab]
  [bt] (6) /home/vat23/miniconda3/envs/SIP/lib/python3.12/lib-dynload/../../libffi.so.8(+0x6a4a) [0x7f55b6f37a4a]
  [bt] (7) /home/vat23/miniconda3/envs/SIP/lib/python3.12/lib-dynload/../../libffi.so.8(+0x5fea) [0x7f55b6f36fea]
  [bt] (8) /home/vat23/miniconda3/envs/SIP/lib/python3.12/lib-dynload/_ctypes.cpython-312-x86_64-linux-gnu.so(+0x13474) [0x7f55b6f50474]


2024-07-05 00:23:23,406 - INFO - Current directory: /scratch/SCRATCH_SAS/vahid/SIP/ESP_HardSplits/notebooks_and_code
2024-07-05 00:24:11,856 - INFO - AUC-ROC: 0.5704659266907589
2024-07-05 00:24:11,918 - INFO - Iteration 1
2024-07-05 00:24:11,918 - INFO - Best -MCC so far: -0.09060562052272672
2024-07-05 00:24:11,919 - INFO - Best hyperparameters so far: {'learning_rate': 0.03509829946964637, 'max_delta_step': 0.19205952438008267, 'max_depth': 2, 'min_child_weight': 4.914982514402369, 'num_rounds': 387.0, 'reg_alpha': 3.271029050877774, 'reg_lambda': 1.2149079781817567, 'weight': 0.13783801009276503}
2024-07-05 00:24:11,919 - INFO - Best hyperparameters so far: {'learning_rate': 0.03509829946964637, 'max_delta_step': 0.19205952438008267, 'max_depth': 2, 'min_child_weight': 4.914982514402369, 'num_rounds': 387.0, 'reg_alpha': 3.271029050877774, 'reg_lambda': 1.2149079781817567, 'weight': 0.13783801009276503}
2024-07-05 00:24:21,328 - INFO - AUC-ROC: 0.60662864610222
2024-07-05 00:24:21,401 - INFO - Iteration 2
2024-07-05 00:24:21,402 - INFO - Best -MCC so far: -0.09060562052272672
2024-07-05 00:24:21,402 - INFO - Best hyperparameters so far: {'learning_rate': 0.03509829946964637, 'max_delta_step': 0.19205952438008267, 'max_depth': 2, 'min_child_weight': 4.914982514402369, 'num_rounds': 387.0, 'reg_alpha': 3.271029050877774, 'reg_lambda': 1.2149079781817567, 'weight': 0.13783801009276503}
2024-07-05 00:24:21,403 - INFO - Best hyperparameters so far: {'learning_rate': 0.03509829946964637, 'max_delta_step': 0.19205952438008267, 'max_depth': 2, 'min_child_weight': 4.914982514402369, 'num_rounds': 387.0, 'reg_alpha': 3.271029050877774, 'reg_lambda': 1.2149079781817567, 'weight': 0.13783801009276503}
2024-07-05 00:24:31,579 - INFO - AUC-ROC: 0.5612267681982447
2024-07-05 00:24:31,691 - INFO - Iteration 3
2024-07-05 00:24:31,692 - INFO - Best -MCC so far: -0.09060562052272672
2024-07-05 00:24:31,692 - INFO - Best hyperparameters so far: {'learning_rate': 0.03509829946964637, 'max_delta_step': 0.19205952438008267, 'max_depth': 2, 'min_child_weight': 4.914982514402369, 'num_rounds': 387.0, 'reg_alpha': 3.271029050877774, 'reg_lambda': 1.2149079781817567, 'weight': 0.13783801009276503}
2024-07-05 00:24:31,692 - INFO - Best hyperparameters so far: {'learning_rate': 0.03509829946964637, 'max_delta_step': 0.19205952438008267, 'max_depth': 2, 'min_child_weight': 4.914982514402369, 'num_rounds': 387.0, 'reg_alpha': 3.271029050877774, 'reg_lambda': 1.2149079781817567, 'weight': 0.13783801009276503}
2024-07-05 00:30:49,918 - INFO - Current directory: /scratch/SCRATCH_SAS/vahid/SIP/ESP_HardSplits/notebooks_and_code
2024-07-05 00:31:32,599 - INFO - AUC-ROC: 0.5765207150232318
2024-07-05 00:31:32,796 - INFO - Iteration 1
2024-07-05 00:31:32,796 - INFO - Best -MCC so far: -0.041667590940462726
2024-07-05 00:31:32,796 - INFO - Best hyperparameters so far: {'learning_rate': 0.40580458742390924, 'max_delta_step': 0.5289281384785893, 'max_depth': 0, 'min_child_weight': 1.6391851715214956, 'num_rounds': 250.0, 'reg_alpha': 0.28580458649360485, 'reg_lambda': 1.226280458839114, 'weight': 0.2643380447586122}
2024-07-05 00:31:32,797 - INFO - Best hyperparameters so far: {'learning_rate': 0.40580458742390924, 'max_delta_step': 0.5289281384785893, 'max_depth': 0, 'min_child_weight': 1.6391851715214956, 'num_rounds': 250.0, 'reg_alpha': 0.28580458649360485, 'reg_lambda': 1.226280458839114, 'weight': 0.2643380447586122}
2024-07-05 00:31:39,119 - INFO - AUC-ROC: 0.6153145973154363
2024-07-05 00:31:39,196 - INFO - Iteration 2
2024-07-05 00:31:39,197 - INFO - Best -MCC so far: -0.14058834924523816
2024-07-05 00:31:39,198 - INFO - Best hyperparameters so far: {'learning_rate': 0.10208118111719446, 'max_delta_step': 1.3313796206474715, 'max_depth': 0, 'min_child_weight': 12.711352502071453, 'num_rounds': 230.0, 'reg_alpha': 2.7361849962057794, 'reg_lambda': 2.508116897787795, 'weight': 0.1779210354369652}
2024-07-05 00:31:39,198 - INFO - Best hyperparameters so far: {'learning_rate': 0.10208118111719446, 'max_delta_step': 1.3313796206474715, 'max_depth': 0, 'min_child_weight': 12.711352502071453, 'num_rounds': 230.0, 'reg_alpha': 2.7361849962057794, 'reg_lambda': 2.508116897787795, 'weight': 0.1779210354369652}
2024-07-05 00:31:47,645 - INFO - AUC-ROC: 0.603562451600413
2024-07-05 00:31:47,706 - INFO - Iteration 3
2024-07-05 00:31:47,706 - INFO - Best -MCC so far: -0.14058834924523816
2024-07-05 00:31:47,707 - INFO - Best hyperparameters so far: {'learning_rate': 0.10208118111719446, 'max_delta_step': 1.3313796206474715, 'max_depth': 0, 'min_child_weight': 12.711352502071453, 'num_rounds': 230.0, 'reg_alpha': 2.7361849962057794, 'reg_lambda': 2.508116897787795, 'weight': 0.1779210354369652}
2024-07-05 00:31:47,707 - INFO - Best hyperparameters so far: {'learning_rate': 0.10208118111719446, 'max_delta_step': 1.3313796206474715, 'max_depth': 0, 'min_child_weight': 12.711352502071453, 'num_rounds': 230.0, 'reg_alpha': 2.7361849962057794, 'reg_lambda': 2.508116897787795, 'weight': 0.1779210354369652}
2024-07-05 00:31:56,282 - INFO - AUC-ROC: 0.5913707569695404
2024-07-05 00:31:56,390 - INFO - Iteration 4
2024-07-05 00:31:56,391 - INFO - Best -MCC so far: -0.14058834924523816
2024-07-05 00:31:56,392 - INFO - Best hyperparameters so far: {'learning_rate': 0.10208118111719446, 'max_delta_step': 1.3313796206474715, 'max_depth': 0, 'min_child_weight': 12.711352502071453, 'num_rounds': 230.0, 'reg_alpha': 2.7361849962057794, 'reg_lambda': 2.508116897787795, 'weight': 0.1779210354369652}
2024-07-05 00:31:56,392 - INFO - Best hyperparameters so far: {'learning_rate': 0.10208118111719446, 'max_delta_step': 1.3313796206474715, 'max_depth': 0, 'min_child_weight': 12.711352502071453, 'num_rounds': 230.0, 'reg_alpha': 2.7361849962057794, 'reg_lambda': 2.508116897787795, 'weight': 0.1779210354369652}
2024-07-05 00:32:06,967 - INFO - AUC-ROC: 0.6008302142488384
2024-07-05 00:32:07,056 - INFO - Iteration 5
2024-07-05 00:32:07,057 - INFO - Best -MCC so far: -0.14058834924523816
2024-07-05 00:32:07,058 - INFO - Best hyperparameters so far: {'learning_rate': 0.10208118111719446, 'max_delta_step': 1.3313796206474715, 'max_depth': 0, 'min_child_weight': 12.711352502071453, 'num_rounds': 230.0, 'reg_alpha': 2.7361849962057794, 'reg_lambda': 2.508116897787795, 'weight': 0.1779210354369652}
2024-07-05 00:32:07,058 - INFO - Best hyperparameters so far: {'learning_rate': 0.10208118111719446, 'max_delta_step': 1.3313796206474715, 'max_depth': 0, 'min_child_weight': 12.711352502071453, 'num_rounds': 230.0, 'reg_alpha': 2.7361849962057794, 'reg_lambda': 2.508116897787795, 'weight': 0.1779210354369652}
2024-07-05 00:32:20,569 - INFO - AUC-ROC: 0.605615078084667
2024-07-05 00:32:20,617 - INFO - Iteration 6
2024-07-05 00:32:20,630 - INFO - Best -MCC so far: -0.14058834924523816
2024-07-05 00:32:20,636 - INFO - Best hyperparameters so far: {'learning_rate': 0.10208118111719446, 'max_delta_step': 1.3313796206474715, 'max_depth': 0, 'min_child_weight': 12.711352502071453, 'num_rounds': 230.0, 'reg_alpha': 2.7361849962057794, 'reg_lambda': 2.508116897787795, 'weight': 0.1779210354369652}
2024-07-05 00:32:20,637 - INFO - Best hyperparameters so far: {'learning_rate': 0.10208118111719446, 'max_delta_step': 1.3313796206474715, 'max_depth': 0, 'min_child_weight': 12.711352502071453, 'num_rounds': 230.0, 'reg_alpha': 2.7361849962057794, 'reg_lambda': 2.508116897787795, 'weight': 0.1779210354369652}
2024-07-05 00:34:22,394 - INFO - Current directory: /scratch/SCRATCH_SAS/vahid/SIP/ESP_HardSplits/notebooks_and_code
2024-07-05 00:35:10,571 - INFO - AUC-ROC: 0.6125362190242644
2024-07-05 00:35:10,631 - INFO - Iteration 1
2024-07-05 00:35:10,631 - INFO - Best -MCC so far: -0.12155067928187901
2024-07-05 00:35:10,631 - INFO - Best hyperparameters so far: {'learning_rate': 0.21175974445769916, 'max_delta_step': 1.7071579056330632, 'max_depth': 4, 'min_child_weight': 3.681158123993216, 'num_rounds': 252.0, 'reg_alpha': 2.0022564957340734, 'reg_lambda': 4.730561667228173, 'weight': 0.18417361034344498}8
2024-07-05 00:35:10,632 - INFO - Best : {'learning_rate': 0.21175974445769916, 'max_delta_step': 1.7071579056330632, 'max_depth': 4, 'min_child_weight': 3.681158123993216, 'num_rounds': 252.0, 'reg_alpha': 2.0022564957340734, 'reg_lambda': 4.730561667228173, 'weight': 0.18417361034344498}8
2024-07-05 00:35:17,435 - INFO - AUC-ROC: 0.5675196824987094
2024-07-05 00:35:17,508 - INFO - Iteration 2
2024-07-05 00:35:17,508 - INFO - Best -MCC so far: -0.12155067928187901
2024-07-05 00:35:17,509 - INFO - Best hyperparameters so far: {'learning_rate': 0.21175974445769916, 'max_delta_step': 1.7071579056330632, 'max_depth': 4, 'min_child_weight': 3.681158123993216, 'num_rounds': 252.0, 'reg_alpha': 2.0022564957340734, 'reg_lambda': 4.730561667228173, 'weight': 0.18417361034344498}8
2024-07-05 00:35:17,509 - INFO - Best : {'learning_rate': 0.21175974445769916, 'max_delta_step': 1.7071579056330632, 'max_depth': 4, 'min_child_weight': 3.681158123993216, 'num_rounds': 252.0, 'reg_alpha': 2.0022564957340734, 'reg_lambda': 4.730561667228173, 'weight': 0.18417361034344498}8
2024-07-05 00:35:28,075 - INFO - AUC-ROC: 0.5935359124935466
2024-07-05 00:35:28,147 - INFO - Iteration 3
2024-07-05 00:35:28,147 - INFO - Best -MCC so far: -0.12155067928187901
2024-07-05 00:35:28,147 - INFO - Best hyperparameters so far: {'learning_rate': 0.21175974445769916, 'max_delta_step': 1.7071579056330632, 'max_depth': 4, 'min_child_weight': 3.681158123993216, 'num_rounds': 252.0, 'reg_alpha': 2.0022564957340734, 'reg_lambda': 4.730561667228173, 'weight': 0.18417361034344498}8
2024-07-05 00:35:28,148 - INFO - Best : {'learning_rate': 0.21175974445769916, 'max_delta_step': 1.7071579056330632, 'max_depth': 4, 'min_child_weight': 3.681158123993216, 'num_rounds': 252.0, 'reg_alpha': 2.0022564957340734, 'reg_lambda': 4.730561667228173, 'weight': 0.18417361034344498}8
2024-07-05 00:35:36,098 - INFO - AUC-ROC: 0.6108248096282911
2024-07-05 00:35:36,238 - INFO - Iteration 4
2024-07-05 00:35:36,238 - INFO - Best -MCC so far: -0.1456564723341408
2024-07-05 00:35:36,239 - INFO - Best hyperparameters so far: {'learning_rate': 0.3267398744460433, 'max_delta_step': 2.0150735830483706, 'max_depth': 4, 'min_child_weight': 14.401432665215085, 'num_rounds': 244.0, 'reg_alpha': 2.3430341012779987, 'reg_lambda': 0.806154842993333, 'weight': 0.11411582436897905}8
2024-07-05 00:35:36,239 - INFO - Best : {'learning_rate': 0.3267398744460433, 'max_delta_step': 2.0150735830483706, 'max_depth': 4, 'min_child_weight': 14.401432665215085, 'num_rounds': 244.0, 'reg_alpha': 2.3430341012779987, 'reg_lambda': 0.806154842993333, 'weight': 0.11411582436897905}8
2024-07-05 00:35:43,523 - INFO - AUC-ROC: 0.6005302981414559
2024-07-05 00:35:43,627 - INFO - Iteration 5
2024-07-05 00:35:43,628 - INFO - Best -MCC so far: -0.1456564723341408
2024-07-05 00:35:43,630 - INFO - Best hyperparameters so far: {'learning_rate': 0.3267398744460433, 'max_delta_step': 2.0150735830483706, 'max_depth': 4, 'min_child_weight': 14.401432665215085, 'num_rounds': 244.0, 'reg_alpha': 2.3430341012779987, 'reg_lambda': 0.806154842993333, 'weight': 0.11411582436897905}8
2024-07-05 00:35:43,631 - INFO - Best : {'learning_rate': 0.3267398744460433, 'max_delta_step': 2.0150735830483706, 'max_depth': 4, 'min_child_weight': 14.401432665215085, 'num_rounds': 244.0, 'reg_alpha': 2.3430341012779987, 'reg_lambda': 0.806154842993333, 'weight': 0.11411582436897905}8
2024-07-05 00:35:53,164 - INFO - AUC-ROC: 0.6114506162880743
2024-07-05 00:35:53,259 - INFO - Iteration 6
2024-07-05 00:35:53,259 - INFO - Best -MCC so far: -0.1456564723341408
2024-07-05 00:35:53,260 - INFO - Best hyperparameters so far: {'learning_rate': 0.3267398744460433, 'max_delta_step': 2.0150735830483706, 'max_depth': 4, 'min_child_weight': 14.401432665215085, 'num_rounds': 244.0, 'reg_alpha': 2.3430341012779987, 'reg_lambda': 0.806154842993333, 'weight': 0.11411582436897905}8
2024-07-05 00:35:53,261 - INFO - Best : {'learning_rate': 0.3267398744460433, 'max_delta_step': 2.0150735830483706, 'max_depth': 4, 'min_child_weight': 14.401432665215085, 'num_rounds': 244.0, 'reg_alpha': 2.3430341012779987, 'reg_lambda': 0.806154842993333, 'weight': 0.11411582436897905}8
2024-07-05 00:36:06,706 - INFO - AUC-ROC: 0.6034316113835829
2024-07-05 00:36:06,774 - INFO - Iteration 7
2024-07-05 00:36:06,775 - INFO - Best -MCC so far: -0.1456564723341408
2024-07-05 00:36:06,775 - INFO - Best hyperparameters so far: {'learning_rate': 0.3267398744460433, 'max_delta_step': 2.0150735830483706, 'max_depth': 4, 'min_child_weight': 14.401432665215085, 'num_rounds': 244.0, 'reg_alpha': 2.3430341012779987, 'reg_lambda': 0.806154842993333, 'weight': 0.11411582436897905}8
2024-07-05 00:36:06,775 - INFO - Best : {'learning_rate': 0.3267398744460433, 'max_delta_step': 2.0150735830483706, 'max_depth': 4, 'min_child_weight': 14.401432665215085, 'num_rounds': 244.0, 'reg_alpha': 2.3430341012779987, 'reg_lambda': 0.806154842993333, 'weight': 0.11411582436897905}8
2024-07-05 00:38:20,903 - INFO - Current directory: /scratch/SCRATCH_SAS/vahid/SIP/ESP_HardSplits/notebooks_and_code
2024-07-05 00:39:01,476 - INFO - AUC-ROC: 0.6105780524006196
2024-07-05 00:39:01,716 - INFO - Iteration 1
2024-07-05 00:39:01,716 - INFO - Best -MCC so far: -0.0973420265227635
2024-07-05 00:39:01,717 - INFO - Best hyperparameters so far: {'learning_rate': 0.3819187006902831, 'max_delta_step': 2.648848905958329, 'max_depth': 3, 'min_child_weight': 8.042281901107039, 'num_rounds': 270.0, 'reg_alpha': 4.483568264565573, 'reg_lambda': 2.3476201939889867, 'weight': 0.24698567520077438}8
2024-07-05 00:39:01,717 - INFO - Best : {'learning_rate': 0.3819187006902831, 'max_delta_step': 2.648848905958329, 'max_depth': 3, 'min_child_weight': 8.042281901107039, 'num_rounds': 270.0, 'reg_alpha': 4.483568264565573, 'reg_lambda': 2.3476201939889867, 'weight': 0.24698567520077438}8
2024-07-05 00:39:11,366 - INFO - AUC-ROC: 0.6085099380485287
2024-07-05 00:39:11,450 - INFO - Iteration 2
2024-07-05 00:39:11,451 - INFO - Best -MCC so far: -0.12849138343415073
2024-07-05 00:39:11,451 - INFO - Best hyperparameters so far: {'learning_rate': 0.30937869898311005, 'max_delta_step': 3.1289972542793842, 'max_depth': 2, 'min_child_weight': 1.1005810169156205, 'num_rounds': 254.0, 'reg_alpha': 2.064241995257963, 'reg_lambda': 0.21066545361426547, 'weight': 0.18617109609735125}8
2024-07-05 00:39:11,452 - INFO - Best : {'learning_rate': 0.30937869898311005, 'max_delta_step': 3.1289972542793842, 'max_depth': 2, 'min_child_weight': 1.1005810169156205, 'num_rounds': 254.0, 'reg_alpha': 2.064241995257963, 'reg_lambda': 0.21066545361426547, 'weight': 0.18617109609735125}8
2024-07-05 00:39:21,535 - INFO - AUC-ROC: 0.610162864610222
2024-07-05 00:39:21,575 - INFO - Iteration 3
2024-07-05 00:39:21,576 - INFO - Best -MCC so far: -0.14737229406165434
2024-07-05 00:39:21,576 - INFO - Best hyperparameters so far: {'learning_rate': 0.05751808125592854, 'max_delta_step': 4.435919736993704, 'max_depth': 4, 'min_child_weight': 10.692852501836269, 'num_rounds': 268.0, 'reg_alpha': 4.319522853025838, 'reg_lambda': 0.4439596406304408, 'weight': 0.20079458465857797}8
2024-07-05 00:39:21,576 - INFO - Best : {'learning_rate': 0.05751808125592854, 'max_delta_step': 4.435919736993704, 'max_depth': 4, 'min_child_weight': 10.692852501836269, 'num_rounds': 268.0, 'reg_alpha': 4.319522853025838, 'reg_lambda': 0.4439596406304408, 'weight': 0.20079458465857797}8
2024-07-05 00:39:32,323 - INFO - AUC-ROC: 0.6056546850800206
2024-07-05 00:39:32,402 - INFO - Iteration 4
2024-07-05 00:39:32,402 - INFO - Best -MCC so far: -0.14737229406165434
2024-07-05 00:39:32,402 - INFO - Best hyperparameters so far: {'learning_rate': 0.05751808125592854, 'max_delta_step': 4.435919736993704, 'max_depth': 4, 'min_child_weight': 10.692852501836269, 'num_rounds': 268.0, 'reg_alpha': 4.319522853025838, 'reg_lambda': 0.4439596406304408, 'weight': 0.20079458465857797}8
2024-07-05 00:39:32,402 - INFO - Best : {'learning_rate': 0.05751808125592854, 'max_delta_step': 4.435919736993704, 'max_depth': 4, 'min_child_weight': 10.692852501836269, 'num_rounds': 268.0, 'reg_alpha': 4.319522853025838, 'reg_lambda': 0.4439596406304408, 'weight': 0.20079458465857797}8
2024-07-05 00:39:41,946 - INFO - AUC-ROC: 0.5920904588280846
2024-07-05 00:39:42,055 - INFO - Iteration 5
2024-07-05 00:39:42,056 - INFO - Best -MCC so far: -0.14737229406165434
2024-07-05 00:39:42,057 - INFO - Best hyperparameters so far: {'learning_rate': 0.05751808125592854, 'max_delta_step': 4.435919736993704, 'max_depth': 4, 'min_child_weight': 10.692852501836269, 'num_rounds': 268.0, 'reg_alpha': 4.319522853025838, 'reg_lambda': 0.4439596406304408, 'weight': 0.20079458465857797}8
2024-07-05 00:39:42,057 - INFO - Best : {'learning_rate': 0.05751808125592854, 'max_delta_step': 4.435919736993704, 'max_depth': 4, 'min_child_weight': 10.692852501836269, 'num_rounds': 268.0, 'reg_alpha': 4.319522853025838, 'reg_lambda': 0.4439596406304408, 'weight': 0.20079458465857797}8
2024-07-05 00:39:51,475 - INFO - AUC-ROC: 0.5955982188951988
2024-07-05 00:39:51,513 - INFO - Iteration 6
2024-07-05 00:39:51,513 - INFO - Best -MCC so far: -0.14737229406165434
2024-07-05 00:39:51,514 - INFO - Best hyperparameters so far: {'learning_rate': 0.05751808125592854, 'max_delta_step': 4.435919736993704, 'max_depth': 4, 'min_child_weight': 10.692852501836269, 'num_rounds': 268.0, 'reg_alpha': 4.319522853025838, 'reg_lambda': 0.4439596406304408, 'weight': 0.20079458465857797}8
2024-07-05 00:39:51,514 - INFO - Best : {'learning_rate': 0.05751808125592854, 'max_delta_step': 4.435919736993704, 'max_depth': 4, 'min_child_weight': 10.692852501836269, 'num_rounds': 268.0, 'reg_alpha': 4.319522853025838, 'reg_lambda': 0.4439596406304408, 'weight': 0.20079458465857797}8
2024-07-05 00:39:57,771 - INFO - AUC-ROC: 0.6072576794011357
2024-07-05 00:39:57,855 - INFO - Iteration 7
2024-07-05 00:39:57,856 - INFO - Best -MCC so far: -0.15273230123988224
2024-07-05 00:39:57,856 - INFO - Best hyperparameters so far: {'learning_rate': 0.2653163430724612, 'max_delta_step': 1.8586986967132424, 'max_depth': 1, 'min_child_weight': 8.90366203931247, 'num_rounds': 223.0, 'reg_alpha': 1.2957931027519103, 'reg_lambda': 4.430974624399651, 'weight': 0.10318627277745175}8
2024-07-05 00:39:57,857 - INFO - Best : {'learning_rate': 0.2653163430724612, 'max_delta_step': 1.8586986967132424, 'max_depth': 1, 'min_child_weight': 8.90366203931247, 'num_rounds': 223.0, 'reg_alpha': 1.2957931027519103, 'reg_lambda': 4.430974624399651, 'weight': 0.10318627277745175}8
2024-07-05 00:40:09,328 - INFO - AUC-ROC: 0.6014247225090346
2024-07-05 00:40:09,425 - INFO - Iteration 8
2024-07-05 00:40:09,426 - INFO - Best -MCC so far: -0.15273230123988224
2024-07-05 00:40:09,427 - INFO - Best hyperparameters so far: {'learning_rate': 0.2653163430724612, 'max_delta_step': 1.8586986967132424, 'max_depth': 1, 'min_child_weight': 8.90366203931247, 'num_rounds': 223.0, 'reg_alpha': 1.2957931027519103, 'reg_lambda': 4.430974624399651, 'weight': 0.10318627277745175}8
2024-07-05 00:40:09,428 - INFO - Best : {'learning_rate': 0.2653163430724612, 'max_delta_step': 1.8586986967132424, 'max_depth': 1, 'min_child_weight': 8.90366203931247, 'num_rounds': 223.0, 'reg_alpha': 1.2957931027519103, 'reg_lambda': 4.430974624399651, 'weight': 0.10318627277745175}8
2024-07-05 00:40:17,945 - INFO - AUC-ROC: 0.6048547205730511
2024-07-05 00:40:18,029 - INFO - Iteration 9
2024-07-05 00:40:18,030 - INFO - Best -MCC so far: -0.15273230123988224
2024-07-05 00:40:18,030 - INFO - Best hyperparameters so far: {'learning_rate': 0.2653163430724612, 'max_delta_step': 1.8586986967132424, 'max_depth': 1, 'min_child_weight': 8.90366203931247, 'num_rounds': 223.0, 'reg_alpha': 1.2957931027519103, 'reg_lambda': 4.430974624399651, 'weight': 0.10318627277745175}8
2024-07-05 00:40:18,031 - INFO - Best : {'learning_rate': 0.2653163430724612, 'max_delta_step': 1.8586986967132424, 'max_depth': 1, 'min_child_weight': 8.90366203931247, 'num_rounds': 223.0, 'reg_alpha': 1.2957931027519103, 'reg_lambda': 4.430974624399651, 'weight': 0.10318627277745175}8
2024-07-05 00:40:27,365 - INFO - AUC-ROC: 0.5915584667010841
2024-07-05 00:40:27,438 - INFO - Iteration 10
2024-07-05 00:40:27,438 - INFO - Best -MCC so far: -0.15273230123988224
2024-07-05 00:40:27,438 - INFO - Best hyperparameters so far: {'learning_rate': 0.2653163430724612, 'max_delta_step': 1.8586986967132424, 'max_depth': 1, 'min_child_weight': 8.90366203931247, 'num_rounds': 223.0, 'reg_alpha': 1.2957931027519103, 'reg_lambda': 4.430974624399651, 'weight': 0.10318627277745175}8
2024-07-05 00:40:27,439 - INFO - Best : {'learning_rate': 0.2653163430724612, 'max_delta_step': 1.8586986967132424, 'max_depth': 1, 'min_child_weight': 8.90366203931247, 'num_rounds': 223.0, 'reg_alpha': 1.2957931027519103, 'reg_lambda': 4.430974624399651, 'weight': 0.10318627277745175}8
2024-07-05 00:40:34,750 - INFO - AUC-ROC: 0.5918456375838926
2024-07-05 00:40:34,805 - INFO - Iteration 11
2024-07-05 00:40:34,805 - INFO - Best -MCC so far: -0.15273230123988224
2024-07-05 00:40:34,805 - INFO - Best hyperparameters so far: {'learning_rate': 0.2653163430724612, 'max_delta_step': 1.8586986967132424, 'max_depth': 1, 'min_child_weight': 8.90366203931247, 'num_rounds': 223.0, 'reg_alpha': 1.2957931027519103, 'reg_lambda': 4.430974624399651, 'weight': 0.10318627277745175}8
2024-07-05 00:40:34,806 - INFO - Best : {'learning_rate': 0.2653163430724612, 'max_delta_step': 1.8586986967132424, 'max_depth': 1, 'min_child_weight': 8.90366203931247, 'num_rounds': 223.0, 'reg_alpha': 1.2957931027519103, 'reg_lambda': 4.430974624399651, 'weight': 0.10318627277745175}8
2024-07-05 00:40:47,284 - INFO - AUC-ROC: 0.6007143779039752
2024-07-05 00:40:47,348 - INFO - Iteration 12
2024-07-05 00:40:47,348 - INFO - Best -MCC so far: -0.15273230123988224
2024-07-05 00:40:47,349 - INFO - Best hyperparameters so far: {'learning_rate': 0.2653163430724612, 'max_delta_step': 1.8586986967132424, 'max_depth': 1, 'min_child_weight': 8.90366203931247, 'num_rounds': 223.0, 'reg_alpha': 1.2957931027519103, 'reg_lambda': 4.430974624399651, 'weight': 0.10318627277745175}8
2024-07-05 00:40:47,349 - INFO - Best : {'learning_rate': 0.2653163430724612, 'max_delta_step': 1.8586986967132424, 'max_depth': 1, 'min_child_weight': 8.90366203931247, 'num_rounds': 223.0, 'reg_alpha': 1.2957931027519103, 'reg_lambda': 4.430974624399651, 'weight': 0.10318627277745175}8
2024-07-05 00:44:45,355 - INFO - Current directory: /scratch/SCRATCH_SAS/vahid/SIP/ESP_HardSplits/notebooks_and_code
2024-07-05 00:45:27,501 - INFO - AUC-ROC: 0.603373612545173
2024-07-05 00:45:27,508 - ERROR - job exception: You must call wandb.init() before wandb.log()
2024-07-05 00:45:27,509 - ERROR - Error during hyperparameter optimization: You must call wandb.init() before wandb.log()
2024-07-05 00:46:41,106 - INFO - Current directory: /scratch/SCRATCH_SAS/vahid/SIP/ESP_HardSplits/notebooks_and_code
2024-07-05 00:47:22,125 - INFO - AUC-ROC: 0.5915801658492514
2024-07-05 00:47:22,328 - INFO - Iteration 1
2024-07-05 00:47:22,329 - INFO - Best -MCC so far: -0.07483721273782613
2024-07-05 00:47:22,329 - INFO - Best hyperparameters so far: {'learning_rate': 0.31844006261349045, 'max_delta_step': 3.5819458509498054, 'max_depth': 3, 'min_child_weight': 3.56290655644076, 'num_rounds': 275.0, 'reg_alpha': 0.26094413516506654, 'reg_lambda': 0.35063655823796946, 'weight': 0.2963336316976391}8
2024-07-05 00:47:22,330 - INFO - Best : {'learning_rate': 0.31844006261349045, 'max_delta_step': 3.5819458509498054, 'max_depth': 3, 'min_child_weight': 3.56290655644076, 'num_rounds': 275.0, 'reg_alpha': 0.26094413516506654, 'reg_lambda': 0.35063655823796946, 'weight': 0.2963336316976391}8
2024-07-05 00:47:31,776 - INFO - AUC-ROC: 0.6082485802787816
2024-07-05 00:47:31,986 - INFO - Iteration 2
2024-07-05 00:47:31,986 - INFO - Best -MCC so far: -0.12397335210055824
2024-07-05 00:47:31,987 - INFO - Best hyperparameters so far: {'learning_rate': 0.39951339716168066, 'max_delta_step': 2.2810342030522825, 'max_depth': 3, 'min_child_weight': 9.048935783098846, 'num_rounds': 256.0, 'reg_alpha': 3.955696231714669, 'reg_lambda': 2.582750390120514, 'weight': 0.20856260380876873}8
2024-07-05 00:47:31,987 - INFO - Best : {'learning_rate': 0.39951339716168066, 'max_delta_step': 2.2810342030522825, 'max_depth': 3, 'min_child_weight': 9.048935783098846, 'num_rounds': 256.0, 'reg_alpha': 3.955696231714669, 'reg_lambda': 2.582750390120514, 'weight': 0.20856260380876873}8
2024-07-05 00:47:42,696 - INFO - AUC-ROC: 0.5856023328600929
2024-07-05 00:47:42,866 - INFO - Iteration 3
2024-07-05 00:47:42,866 - INFO - Best -MCC so far: -0.12397335210055824
2024-07-05 00:47:42,866 - INFO - Best hyperparameters so far: {'learning_rate': 0.39951339716168066, 'max_delta_step': 2.2810342030522825, 'max_depth': 3, 'min_child_weight': 9.048935783098846, 'num_rounds': 256.0, 'reg_alpha': 3.955696231714669, 'reg_lambda': 2.582750390120514, 'weight': 0.20856260380876873}8
2024-07-05 00:47:42,867 - INFO - Best : {'learning_rate': 0.39951339716168066, 'max_delta_step': 2.2810342030522825, 'max_depth': 3, 'min_child_weight': 9.048935783098846, 'num_rounds': 256.0, 'reg_alpha': 3.955696231714669, 'reg_lambda': 2.582750390120514, 'weight': 0.20856260380876873}8
2024-07-05 00:47:51,594 - INFO - AUC-ROC: 0.5937427400619515
2024-07-05 00:47:51,704 - INFO - Iteration 4
2024-07-05 00:47:51,705 - INFO - Best -MCC so far: -0.12397335210055824
2024-07-05 00:47:51,705 - INFO - Best hyperparameters so far: {'learning_rate': 0.39951339716168066, 'max_delta_step': 2.2810342030522825, 'max_depth': 3, 'min_child_weight': 9.048935783098846, 'num_rounds': 256.0, 'reg_alpha': 3.955696231714669, 'reg_lambda': 2.582750390120514, 'weight': 0.20856260380876873}8
2024-07-05 00:47:51,705 - INFO - Best : {'learning_rate': 0.39951339716168066, 'max_delta_step': 2.2810342030522825, 'max_depth': 3, 'min_child_weight': 9.048935783098846, 'num_rounds': 256.0, 'reg_alpha': 3.955696231714669, 'reg_lambda': 2.582750390120514, 'weight': 0.20856260380876873}8
2024-07-05 00:48:01,369 - INFO - AUC-ROC: 0.6083468314403717
2024-07-05 00:48:01,482 - INFO - Iteration 5
2024-07-05 00:48:01,482 - INFO - Best -MCC so far: -0.1382290224892013
2024-07-05 00:48:01,482 - INFO - Best hyperparameters so far: {'learning_rate': 0.1520605363762374, 'max_delta_step': 3.478963049277114, 'max_depth': 0, 'min_child_weight': 8.25744993667624, 'num_rounds': 365.0, 'reg_alpha': 2.7481441685871237, 'reg_lambda': 2.1052479369343042, 'weight': 0.13935499356647973}8
2024-07-05 00:48:01,483 - INFO - Best : {'learning_rate': 0.1520605363762374, 'max_delta_step': 3.478963049277114, 'max_depth': 0, 'min_child_weight': 8.25744993667624, 'num_rounds': 365.0, 'reg_alpha': 2.7481441685871237, 'reg_lambda': 2.1052479369343042, 'weight': 0.13935499356647973}8
2024-07-05 00:48:55,622 - INFO - Current directory: /scratch/SCRATCH_SAS/vahid/SIP/ESP_HardSplits/notebooks_and_code
2024-07-05 00:49:38,788 - INFO - AUC-ROC: 0.5813656750129066
2024-07-05 00:49:39,070 - INFO - Iteration 1
2024-07-05 00:49:39,071 - INFO - Best -MCC so far: -0.07834669286550869
2024-07-05 00:49:39,071 - INFO - Best hyperparameters so far: {'learning_rate': 0.3646491047791801, 'max_delta_step': 0.7090804620547142, 'max_depth': 2, 'min_child_weight': 6.7572863404849715, 'num_rounds': 341.0, 'reg_alpha': 0.47356459861896183, 'reg_lambda': 1.654907037918768, 'weight': 0.27658075034425395}8
2024-07-05 00:49:39,071 - INFO - Best : {'learning_rate': 0.3646491047791801, 'max_delta_step': 0.7090804620547142, 'max_depth': 2, 'min_child_weight': 6.7572863404849715, 'num_rounds': 341.0, 'reg_alpha': 0.47356459861896183, 'reg_lambda': 1.654907037918768, 'weight': 0.27658075034425395}8
2024-07-05 00:49:54,178 - INFO - AUC-ROC: 0.6126762551626226
2024-07-05 00:49:54,273 - INFO - Iteration 2
2024-07-05 00:49:54,274 - INFO - Best -MCC so far: -0.15055930142647997
2024-07-05 00:49:54,274 - INFO - Best hyperparameters so far: {'learning_rate': 0.10298980990789104, 'max_delta_step': 4.399866889696434, 'max_depth': 3, 'min_child_weight': 5.5059727988253595, 'num_rounds': 389.0, 'reg_alpha': 3.4806552903093135, 'reg_lambda': 1.7700632340775135, 'weight': 0.1407352060820179}8
2024-07-05 00:49:54,275 - INFO - Best : {'learning_rate': 0.10298980990789104, 'max_delta_step': 4.399866889696434, 'max_depth': 3, 'min_child_weight': 5.5059727988253595, 'num_rounds': 389.0, 'reg_alpha': 3.4806552903093135, 'reg_lambda': 1.7700632340775135, 'weight': 0.1407352060820179}8
2024-07-05 00:53:09,909 - INFO - Current directory: /scratch/SCRATCH_SAS/vahid/SIP/ESP_HardSplits/notebooks_and_code
2024-07-05 00:53:42,568 - ERROR - job exception: module 'xgboost.rabit' has no attribute 'get_processor_info'
2024-07-05 00:53:42,569 - ERROR - Error during hyperparameter optimization: module 'xgboost.rabit' has no attribute 'get_processor_info'
2024-07-05 01:24:34,378 - INFO - Current directory: /scratch/SCRATCH_SAS/vahid/SIP/ESP_HardSplits/notebooks_and_code
2024-07-05 01:25:18,858 - INFO - AUC-ROC: 0.6076517327052142
2024-07-05 01:25:19,020 - INFO - Iteration 1
2024-07-05 01:25:19,021 - INFO - Best -MCC so far: -0.1326701934282277{'state': 2, 'tid': 0, 'spec': None, 'result': {'loss': -0.1326701934282277, 'status': 'ok'}, 'misc': {'tid': 0, 'cmd': ('domain_attachment', 'FMinIter_Domain'), 'workdir': None, 'idxs': {'learning_rate': [0], 'max_delta_step': [0], 'max_depth': [0], 'min_child_weight': [0], 'num_rounds': [0], 'reg_alpha': [0], 'reg_lambda': [0], 'weight': [0]}, 'vals': {'learning_rate': [0.027288048842852256], 'max_delta_step': [0.8374073852857067], 'max_depth': [4], 'min_child_weight': [12.69401758666741], 'num_rounds': [400.0], 'reg_alpha': [1.586219775688655], 'reg_lambda': [1.5297380713496167], 'weight': [0.20416876966857114]}}, 'exp_key': None, 'owner': None, 'version': 0, 'book_time': datetime.datetime(2024, 7, 4, 23, 25, 4, 668000), 'refresh_time': datetime.datetime(2024, 7, 4, 23, 25, 19, 18000)}
2024-07-05 01:25:19,021 - INFO - Best hyperparameters so far: {'learning_rate': 0.027288048842852256, 'max_delta_step': 0.8374073852857067, 'max_depth': 4, 'min_child_weight': 12.69401758666741, 'num_rounds': 400.0, 'reg_alpha': 1.586219775688655, 'reg_lambda': 1.5297380713496167, 'weight': 0.20416876966857114}
2024-07-05 01:25:31,662 - INFO - AUC-ROC: 0.605707682627775
2024-07-05 01:25:31,817 - INFO - Iteration 2
2024-07-05 01:25:31,817 - INFO - Best -MCC so far: -0.1326701934282277{'state': 2, 'tid': 0, 'spec': None, 'result': {'loss': -0.1326701934282277, 'status': 'ok'}, 'misc': {'tid': 0, 'cmd': ('domain_attachment', 'FMinIter_Domain'), 'workdir': None, 'idxs': {'learning_rate': [0], 'max_delta_step': [0], 'max_depth': [0], 'min_child_weight': [0], 'num_rounds': [0], 'reg_alpha': [0], 'reg_lambda': [0], 'weight': [0]}, 'vals': {'learning_rate': [0.027288048842852256], 'max_delta_step': [0.8374073852857067], 'max_depth': [4], 'min_child_weight': [12.69401758666741], 'num_rounds': [400.0], 'reg_alpha': [1.586219775688655], 'reg_lambda': [1.5297380713496167], 'weight': [0.20416876966857114]}}, 'exp_key': None, 'owner': None, 'version': 0, 'book_time': datetime.datetime(2024, 7, 4, 23, 25, 4, 668000), 'refresh_time': datetime.datetime(2024, 7, 4, 23, 25, 19, 18000)}
2024-07-05 01:25:31,818 - INFO - Best hyperparameters so far: {'learning_rate': 0.027288048842852256, 'max_delta_step': 0.8374073852857067, 'max_depth': 4, 'min_child_weight': 12.69401758666741, 'num_rounds': 400.0, 'reg_alpha': 1.586219775688655, 'reg_lambda': 1.5297380713496167, 'weight': 0.20416876966857114}
2024-07-05 01:25:40,802 - INFO - AUC-ROC: 0.6144446147392875
2024-07-05 01:25:41,043 - INFO - Iteration 3
2024-07-05 01:25:41,044 - INFO - Best -MCC so far: -0.1326701934282277{'state': 2, 'tid': 0, 'spec': None, 'result': {'loss': -0.1326701934282277, 'status': 'ok'}, 'misc': {'tid': 0, 'cmd': ('domain_attachment', 'FMinIter_Domain'), 'workdir': None, 'idxs': {'learning_rate': [0], 'max_delta_step': [0], 'max_depth': [0], 'min_child_weight': [0], 'num_rounds': [0], 'reg_alpha': [0], 'reg_lambda': [0], 'weight': [0]}, 'vals': {'learning_rate': [0.027288048842852256], 'max_delta_step': [0.8374073852857067], 'max_depth': [4], 'min_child_weight': [12.69401758666741], 'num_rounds': [400.0], 'reg_alpha': [1.586219775688655], 'reg_lambda': [1.5297380713496167], 'weight': [0.20416876966857114]}}, 'exp_key': None, 'owner': None, 'version': 0, 'book_time': datetime.datetime(2024, 7, 4, 23, 25, 4, 668000), 'refresh_time': datetime.datetime(2024, 7, 4, 23, 25, 19, 18000)}
2024-07-05 01:25:41,044 - INFO - Best hyperparameters so far: {'learning_rate': 0.027288048842852256, 'max_delta_step': 0.8374073852857067, 'max_depth': 4, 'min_child_weight': 12.69401758666741, 'num_rounds': 400.0, 'reg_alpha': 1.586219775688655, 'reg_lambda': 1.5297380713496167, 'weight': 0.20416876966857114}
2024-07-05 01:25:51,332 - INFO - AUC-ROC: 0.5913668043366029
2024-07-05 01:25:51,453 - INFO - Iteration 4
2024-07-05 01:25:51,454 - INFO - Best -MCC so far: -0.1326701934282277{'state': 2, 'tid': 0, 'spec': None, 'result': {'loss': -0.1326701934282277, 'status': 'ok'}, 'misc': {'tid': 0, 'cmd': ('domain_attachment', 'FMinIter_Domain'), 'workdir': None, 'idxs': {'learning_rate': [0], 'max_delta_step': [0], 'max_depth': [0], 'min_child_weight': [0], 'num_rounds': [0], 'reg_alpha': [0], 'reg_lambda': [0], 'weight': [0]}, 'vals': {'learning_rate': [0.027288048842852256], 'max_delta_step': [0.8374073852857067], 'max_depth': [4], 'min_child_weight': [12.69401758666741], 'num_rounds': [400.0], 'reg_alpha': [1.586219775688655], 'reg_lambda': [1.5297380713496167], 'weight': [0.20416876966857114]}}, 'exp_key': None, 'owner': None, 'version': 0, 'book_time': datetime.datetime(2024, 7, 4, 23, 25, 4, 668000), 'refresh_time': datetime.datetime(2024, 7, 4, 23, 25, 19, 18000)}
2024-07-05 01:25:51,454 - INFO - Best hyperparameters so far: {'learning_rate': 0.027288048842852256, 'max_delta_step': 0.8374073852857067, 'max_depth': 4, 'min_child_weight': 12.69401758666741, 'num_rounds': 400.0, 'reg_alpha': 1.586219775688655, 'reg_lambda': 1.5297380713496167, 'weight': 0.20416876966857114}
2024-07-05 01:26:02,856 - INFO - AUC-ROC: 0.6073791623644811
2024-07-05 01:26:02,986 - INFO - Iteration 5
2024-07-05 01:26:02,987 - INFO - Best -MCC so far: -0.14180190008670465{'state': 2, 'tid': 4, 'spec': None, 'result': {'loss': -0.14180190008670465, 'status': 'ok'}, 'misc': {'tid': 4, 'cmd': ('domain_attachment', 'FMinIter_Domain'), 'workdir': None, 'idxs': {'learning_rate': [4], 'max_delta_step': [4], 'max_depth': [4], 'min_child_weight': [4], 'num_rounds': [4], 'reg_alpha': [4], 'reg_lambda': [4], 'weight': [4]}, 'vals': {'learning_rate': [0.07129715698106588], 'max_delta_step': [0.9258991685432805], 'max_depth': [3], 'min_child_weight': [13.99677897158471], 'num_rounds': [352.0], 'reg_alpha': [4.725578369505449], 'reg_lambda': [2.3237166644207736], 'weight': [0.1344198111906935]}}, 'exp_key': None, 'owner': None, 'version': 0, 'book_time': datetime.datetime(2024, 7, 4, 23, 25, 51, 460000), 'refresh_time': datetime.datetime(2024, 7, 4, 23, 26, 2, 984000)}
2024-07-05 01:26:02,987 - INFO - Best hyperparameters so far: {'learning_rate': 0.07129715698106588, 'max_delta_step': 0.9258991685432805, 'max_depth': 3, 'min_child_weight': 13.99677897158471, 'num_rounds': 352.0, 'reg_alpha': 4.725578369505449, 'reg_lambda': 2.3237166644207736, 'weight': 0.1344198111906935}
2024-07-05 01:26:12,337 - INFO - AUC-ROC: 0.6091683337635518
2024-07-05 01:26:12,552 - INFO - Iteration 6
2024-07-05 01:26:12,553 - INFO - Best -MCC so far: -0.14180190008670465{'state': 2, 'tid': 4, 'spec': None, 'result': {'loss': -0.14180190008670465, 'status': 'ok'}, 'misc': {'tid': 4, 'cmd': ('domain_attachment', 'FMinIter_Domain'), 'workdir': None, 'idxs': {'learning_rate': [4], 'max_delta_step': [4], 'max_depth': [4], 'min_child_weight': [4], 'num_rounds': [4], 'reg_alpha': [4], 'reg_lambda': [4], 'weight': [4]}, 'vals': {'learning_rate': [0.07129715698106588], 'max_delta_step': [0.9258991685432805], 'max_depth': [3], 'min_child_weight': [13.99677897158471], 'num_rounds': [352.0], 'reg_alpha': [4.725578369505449], 'reg_lambda': [2.3237166644207736], 'weight': [0.1344198111906935]}}, 'exp_key': None, 'owner': None, 'version': 0, 'book_time': datetime.datetime(2024, 7, 4, 23, 25, 51, 460000), 'refresh_time': datetime.datetime(2024, 7, 4, 23, 26, 2, 984000)}
2024-07-05 01:26:12,553 - INFO - Best hyperparameters so far: {'learning_rate': 0.07129715698106588, 'max_delta_step': 0.9258991685432805, 'max_depth': 3, 'min_child_weight': 13.99677897158471, 'num_rounds': 352.0, 'reg_alpha': 4.725578369505449, 'reg_lambda': 2.3237166644207736, 'weight': 0.1344198111906935}
2024-07-05 01:26:23,572 - INFO - AUC-ROC: 0.6016629291430047
2024-07-05 01:26:23,745 - INFO - Iteration 7
2024-07-05 01:26:23,745 - INFO - Best -MCC so far: -0.14180190008670465{'state': 2, 'tid': 4, 'spec': None, 'result': {'loss': -0.14180190008670465, 'status': 'ok'}, 'misc': {'tid': 4, 'cmd': ('domain_attachment', 'FMinIter_Domain'), 'workdir': None, 'idxs': {'learning_rate': [4], 'max_delta_step': [4], 'max_depth': [4], 'min_child_weight': [4], 'num_rounds': [4], 'reg_alpha': [4], 'reg_lambda': [4], 'weight': [4]}, 'vals': {'learning_rate': [0.07129715698106588], 'max_delta_step': [0.9258991685432805], 'max_depth': [3], 'min_child_weight': [13.99677897158471], 'num_rounds': [352.0], 'reg_alpha': [4.725578369505449], 'reg_lambda': [2.3237166644207736], 'weight': [0.1344198111906935]}}, 'exp_key': None, 'owner': None, 'version': 0, 'book_time': datetime.datetime(2024, 7, 4, 23, 25, 51, 460000), 'refresh_time': datetime.datetime(2024, 7, 4, 23, 26, 2, 984000)}
2024-07-05 01:26:23,745 - INFO - Best hyperparameters so far: {'learning_rate': 0.07129715698106588, 'max_delta_step': 0.9258991685432805, 'max_depth': 3, 'min_child_weight': 13.99677897158471, 'num_rounds': 352.0, 'reg_alpha': 4.725578369505449, 'reg_lambda': 2.3237166644207736, 'weight': 0.1344198111906935}
2024-07-05 01:26:31,614 - INFO - AUC-ROC: 0.5825208118224058
2024-07-05 01:26:31,716 - INFO - Iteration 8
2024-07-05 01:26:31,717 - INFO - Best -MCC so far: -0.14180190008670465{'state': 2, 'tid': 4, 'spec': None, 'result': {'loss': -0.14180190008670465, 'status': 'ok'}, 'misc': {'tid': 4, 'cmd': ('domain_attachment', 'FMinIter_Domain'), 'workdir': None, 'idxs': {'learning_rate': [4], 'max_delta_step': [4], 'max_depth': [4], 'min_child_weight': [4], 'num_rounds': [4], 'reg_alpha': [4], 'reg_lambda': [4], 'weight': [4]}, 'vals': {'learning_rate': [0.07129715698106588], 'max_delta_step': [0.9258991685432805], 'max_depth': [3], 'min_child_weight': [13.99677897158471], 'num_rounds': [352.0], 'reg_alpha': [4.725578369505449], 'reg_lambda': [2.3237166644207736], 'weight': [0.1344198111906935]}}, 'exp_key': None, 'owner': None, 'version': 0, 'book_time': datetime.datetime(2024, 7, 4, 23, 25, 51, 460000), 'refresh_time': datetime.datetime(2024, 7, 4, 23, 26, 2, 984000)}
2024-07-05 01:26:31,717 - INFO - Best hyperparameters so far: {'learning_rate': 0.07129715698106588, 'max_delta_step': 0.9258991685432805, 'max_depth': 3, 'min_child_weight': 13.99677897158471, 'num_rounds': 352.0, 'reg_alpha': 4.725578369505449, 'reg_lambda': 2.3237166644207736, 'weight': 0.1344198111906935}
2024-07-05 01:26:40,150 - INFO - AUC-ROC: 0.6012489513422818
2024-07-05 01:26:40,284 - INFO - Iteration 9
2024-07-05 01:26:40,284 - INFO - Best -MCC so far: -0.14180190008670465{'state': 2, 'tid': 4, 'spec': None, 'result': {'loss': -0.14180190008670465, 'status': 'ok'}, 'misc': {'tid': 4, 'cmd': ('domain_attachment', 'FMinIter_Domain'), 'workdir': None, 'idxs': {'learning_rate': [4], 'max_delta_step': [4], 'max_depth': [4], 'min_child_weight': [4], 'num_rounds': [4], 'reg_alpha': [4], 'reg_lambda': [4], 'weight': [4]}, 'vals': {'learning_rate': [0.07129715698106588], 'max_delta_step': [0.9258991685432805], 'max_depth': [3], 'min_child_weight': [13.99677897158471], 'num_rounds': [352.0], 'reg_alpha': [4.725578369505449], 'reg_lambda': [2.3237166644207736], 'weight': [0.1344198111906935]}}, 'exp_key': None, 'owner': None, 'version': 0, 'book_time': datetime.datetime(2024, 7, 4, 23, 25, 51, 460000), 'refresh_time': datetime.datetime(2024, 7, 4, 23, 26, 2, 984000)}
2024-07-05 01:26:40,285 - INFO - Best hyperparameters so far: {'learning_rate': 0.07129715698106588, 'max_delta_step': 0.9258991685432805, 'max_depth': 3, 'min_child_weight': 13.99677897158471, 'num_rounds': 352.0, 'reg_alpha': 4.725578369505449, 'reg_lambda': 2.3237166644207736, 'weight': 0.1344198111906935}
2024-07-05 01:26:48,306 - INFO - AUC-ROC: 0.6008190016778524
2024-07-05 01:26:48,408 - INFO - Iteration 10
2024-07-05 01:26:48,408 - INFO - Best -MCC so far: -0.14180190008670465{'state': 2, 'tid': 4, 'spec': None, 'result': {'loss': -0.14180190008670465, 'status': 'ok'}, 'misc': {'tid': 4, 'cmd': ('domain_attachment', 'FMinIter_Domain'), 'workdir': None, 'idxs': {'learning_rate': [4], 'max_delta_step': [4], 'max_depth': [4], 'min_child_weight': [4], 'num_rounds': [4], 'reg_alpha': [4], 'reg_lambda': [4], 'weight': [4]}, 'vals': {'learning_rate': [0.07129715698106588], 'max_delta_step': [0.9258991685432805], 'max_depth': [3], 'min_child_weight': [13.99677897158471], 'num_rounds': [352.0], 'reg_alpha': [4.725578369505449], 'reg_lambda': [2.3237166644207736], 'weight': [0.1344198111906935]}}, 'exp_key': None, 'owner': None, 'version': 0, 'book_time': datetime.datetime(2024, 7, 4, 23, 25, 51, 460000), 'refresh_time': datetime.datetime(2024, 7, 4, 23, 26, 2, 984000)}
2024-07-05 01:26:48,408 - INFO - Best hyperparameters so far: {'learning_rate': 0.07129715698106588, 'max_delta_step': 0.9258991685432805, 'max_depth': 3, 'min_child_weight': 13.99677897158471, 'num_rounds': 352.0, 'reg_alpha': 4.725578369505449, 'reg_lambda': 2.3237166644207736, 'weight': 0.1344198111906935}
2024-07-05 01:26:55,917 - INFO - AUC-ROC: 0.5997474348218895
2024-07-05 01:26:56,124 - INFO - Iteration 11
2024-07-05 01:26:56,125 - INFO - Best -MCC so far: -0.14180190008670465{'state': 2, 'tid': 4, 'spec': None, 'result': {'loss': -0.14180190008670465, 'status': 'ok'}, 'misc': {'tid': 4, 'cmd': ('domain_attachment', 'FMinIter_Domain'), 'workdir': None, 'idxs': {'learning_rate': [4], 'max_delta_step': [4], 'max_depth': [4], 'min_child_weight': [4], 'num_rounds': [4], 'reg_alpha': [4], 'reg_lambda': [4], 'weight': [4]}, 'vals': {'learning_rate': [0.07129715698106588], 'max_delta_step': [0.9258991685432805], 'max_depth': [3], 'min_child_weight': [13.99677897158471], 'num_rounds': [352.0], 'reg_alpha': [4.725578369505449], 'reg_lambda': [2.3237166644207736], 'weight': [0.1344198111906935]}}, 'exp_key': None, 'owner': None, 'version': 0, 'book_time': datetime.datetime(2024, 7, 4, 23, 25, 51, 460000), 'refresh_time': datetime.datetime(2024, 7, 4, 23, 26, 2, 984000)}
2024-07-05 01:26:56,125 - INFO - Best hyperparameters so far: {'learning_rate': 0.07129715698106588, 'max_delta_step': 0.9258991685432805, 'max_depth': 3, 'min_child_weight': 13.99677897158471, 'num_rounds': 352.0, 'reg_alpha': 4.725578369505449, 'reg_lambda': 2.3237166644207736, 'weight': 0.1344198111906935}
2024-07-05 01:27:05,228 - INFO - AUC-ROC: 0.6058864384357254
2024-07-05 01:27:05,318 - INFO - Iteration 12
2024-07-05 01:27:05,319 - INFO - Best -MCC so far: -0.14180190008670465{'state': 2, 'tid': 4, 'spec': None, 'result': {'loss': -0.14180190008670465, 'status': 'ok'}, 'misc': {'tid': 4, 'cmd': ('domain_attachment', 'FMinIter_Domain'), 'workdir': None, 'idxs': {'learning_rate': [4], 'max_delta_step': [4], 'max_depth': [4], 'min_child_weight': [4], 'num_rounds': [4], 'reg_alpha': [4], 'reg_lambda': [4], 'weight': [4]}, 'vals': {'learning_rate': [0.07129715698106588], 'max_delta_step': [0.9258991685432805], 'max_depth': [3], 'min_child_weight': [13.99677897158471], 'num_rounds': [352.0], 'reg_alpha': [4.725578369505449], 'reg_lambda': [2.3237166644207736], 'weight': [0.1344198111906935]}}, 'exp_key': None, 'owner': None, 'version': 0, 'book_time': datetime.datetime(2024, 7, 4, 23, 25, 51, 460000), 'refresh_time': datetime.datetime(2024, 7, 4, 23, 26, 2, 984000)}
2024-07-05 01:27:05,319 - INFO - Best hyperparameters so far: {'learning_rate': 0.07129715698106588, 'max_delta_step': 0.9258991685432805, 'max_depth': 3, 'min_child_weight': 13.99677897158471, 'num_rounds': 352.0, 'reg_alpha': 4.725578369505449, 'reg_lambda': 2.3237166644207736, 'weight': 0.1344198111906935}
2024-07-05 01:27:17,666 - INFO - AUC-ROC: 0.6079318856479091
2024-07-05 01:27:17,856 - INFO - Iteration 13
2024-07-05 01:27:17,857 - INFO - Best -MCC so far: -0.15353545847019426{'state': 2, 'tid': 12, 'spec': None, 'result': {'loss': -0.15353545847019426, 'status': 'ok'}, 'misc': {'tid': 12, 'cmd': ('domain_attachment', 'FMinIter_Domain'), 'workdir': None, 'idxs': {'learning_rate': [12], 'max_delta_step': [12], 'max_depth': [12], 'min_child_weight': [12], 'num_rounds': [12], 'reg_alpha': [12], 'reg_lambda': [12], 'weight': [12]}, 'vals': {'learning_rate': [0.23788121706674498], 'max_delta_step': [0.4187031371588984], 'max_depth': [2], 'min_child_weight': [6.013943238166851], 'num_rounds': [369.0], 'reg_alpha': [1.7064057055654458], 'reg_lambda': [3.6270047978312543], 'weight': [0.10010346424975701]}}, 'exp_key': None, 'owner': None, 'version': 0, 'book_time': datetime.datetime(2024, 7, 4, 23, 27, 5, 330000), 'refresh_time': datetime.datetime(2024, 7, 4, 23, 27, 17, 854000)}
2024-07-05 01:27:17,857 - INFO - Best hyperparameters so far: {'learning_rate': 0.23788121706674498, 'max_delta_step': 0.4187031371588984, 'max_depth': 2, 'min_child_weight': 6.013943238166851, 'num_rounds': 369.0, 'reg_alpha': 1.7064057055654458, 'reg_lambda': 3.6270047978312543, 'weight': 0.10010346424975701}
2024-07-05 01:27:26,606 - INFO - AUC-ROC: 0.5954724606350026
2024-07-05 01:27:26,736 - INFO - Iteration 14
2024-07-05 01:27:26,737 - INFO - Best -MCC so far: -0.15353545847019426{'state': 2, 'tid': 12, 'spec': None, 'result': {'loss': -0.15353545847019426, 'status': 'ok'}, 'misc': {'tid': 12, 'cmd': ('domain_attachment', 'FMinIter_Domain'), 'workdir': None, 'idxs': {'learning_rate': [12], 'max_delta_step': [12], 'max_depth': [12], 'min_child_weight': [12], 'num_rounds': [12], 'reg_alpha': [12], 'reg_lambda': [12], 'weight': [12]}, 'vals': {'learning_rate': [0.23788121706674498], 'max_delta_step': [0.4187031371588984], 'max_depth': [2], 'min_child_weight': [6.013943238166851], 'num_rounds': [369.0], 'reg_alpha': [1.7064057055654458], 'reg_lambda': [3.6270047978312543], 'weight': [0.10010346424975701]}}, 'exp_key': None, 'owner': None, 'version': 0, 'book_time': datetime.datetime(2024, 7, 4, 23, 27, 5, 330000), 'refresh_time': datetime.datetime(2024, 7, 4, 23, 27, 17, 854000)}
2024-07-05 01:27:26,738 - INFO - Best hyperparameters so far: {'learning_rate': 0.23788121706674498, 'max_delta_step': 0.4187031371588984, 'max_depth': 2, 'min_child_weight': 6.013943238166851, 'num_rounds': 369.0, 'reg_alpha': 1.7064057055654458, 'reg_lambda': 3.6270047978312543, 'weight': 0.10010346424975701}
2024-07-05 01:27:37,731 - INFO - AUC-ROC: 0.5909994514713475
2024-07-05 01:27:37,907 - INFO - Iteration 15
2024-07-05 01:27:37,907 - INFO - Best -MCC so far: -0.15353545847019426{'state': 2, 'tid': 12, 'spec': None, 'result': {'loss': -0.15353545847019426, 'status': 'ok'}, 'misc': {'tid': 12, 'cmd': ('domain_attachment', 'FMinIter_Domain'), 'workdir': None, 'idxs': {'learning_rate': [12], 'max_delta_step': [12], 'max_depth': [12], 'min_child_weight': [12], 'num_rounds': [12], 'reg_alpha': [12], 'reg_lambda': [12], 'weight': [12]}, 'vals': {'learning_rate': [0.23788121706674498], 'max_delta_step': [0.4187031371588984], 'max_depth': [2], 'min_child_weight': [6.013943238166851], 'num_rounds': [369.0], 'reg_alpha': [1.7064057055654458], 'reg_lambda': [3.6270047978312543], 'weight': [0.10010346424975701]}}, 'exp_key': None, 'owner': None, 'version': 0, 'book_time': datetime.datetime(2024, 7, 4, 23, 27, 5, 330000), 'refresh_time': datetime.datetime(2024, 7, 4, 23, 27, 17, 854000)}
2024-07-05 01:27:37,907 - INFO - Best hyperparameters so far: {'learning_rate': 0.23788121706674498, 'max_delta_step': 0.4187031371588984, 'max_depth': 2, 'min_child_weight': 6.013943238166851, 'num_rounds': 369.0, 'reg_alpha': 1.7064057055654458, 'reg_lambda': 3.6270047978312543, 'weight': 0.10010346424975701}
