2024-07-08 19:56:27,579 - INFO - Current Directory: /Users/vahidatabaigi/SIP/ESP_HardSplits/notebooks_and_code
2024-07-08 19:56:27,636 - INFO - *** Start running the dataSAIL***'
'For more information about dataSAIL please check the dataSAIL documentation: https://datasail.readthedocs.io/en/latest/index.html
2024-07-08 19:56:55,507 - INFO - DataSAIL split the data successfully
2024-07-08 19:56:55,552 - INFO - Data report after splitting data by C1e split method and check for nan or null cells '
'              nanTrain  NullTrain  NaNTest  NullTest  nanVal  NullVal
Uniprot ID           0          0        0         0       0        0
molecule ID          0          0        0         0       0        0
evidence             0          0        0         0       0        0
Binding              0          0        0         0       0        0
type             10434          0     2981         0    1490        0
substrate ID         0          0        0         0       0        0
ESM1b_ts             0          0        0         0       0        0
PreGNN               0          0        0         0       0        0
ECFP                 0          0        0         0       0        0
Sequence             0          0        0         0       0        0
SMILES               0          0        0         0       0        0
ids                  0          0        0         0       0        0
split                0          0        0         0       0        0
2024-07-08 19:56:55,552 - INFO - Total number of samples: 14905
2024-07-08 19:56:55,552 - INFO - Ratio of test set to dataset: 0.2
2024-07-08 19:56:55,552 - INFO - Ratio of val set to dataset: 0.1
2024-07-08 19:56:55,552 - INFO - Start to create negative data points for the train set...
2024-07-08 19:57:08,156 - INFO - Number of metabolites in train set: 905
2024-07-08 20:04:49,923 - INFO - Creating negative data points for the train set DONE
2024-07-08 20:04:49,924 - INFO - Start to create negative data points for the test set...
2024-07-08 20:04:51,432 - INFO - Number of metabolites in test set: 298
2024-07-08 20:08:12,267 - INFO - Creating negative data points for the test set DONE
2024-07-08 20:08:12,268 - INFO - Start to create negative data points for the val set...
2024-07-08 20:08:12,983 - INFO - Number of metabolites in training set: 149
2024-07-08 20:10:17,853 - INFO - Creating negative data points for the val set DONE
2024-07-08 20:10:18,008 - INFO - Data report after adding negative data and check for nan or null data cells '
'              nanTrain  NullTrain  NaNTest  NullTest  nanVal  NullVal
Uniprot ID           0          0        0         0       0        0
molecule ID          0          0        0         0       0        0
evidence         29594          0     8281         0    4164        0
Binding              0          0        0         0       0        0
type             40028          0    11262         0    5654        0
substrate ID         0          0        0         0       0        0
ESM1b_ts             0          0        0         0       0        0
PreGNN               0          0        0         0       0        0
ECFP                 0          0        0         0       0        0
Sequence             0          0        0         0       0        0
SMILES               0          0        0         0       0        0
ids              29594          0     8281         0    4164        0
split            29594          0     8281         0    4164        0
2024-07-08 20:10:18,008 - INFO - Total number of samples: 56944
2024-07-08 20:10:18,008 - INFO - Ratio of test set to dataset: 0.2
2024-07-08 20:10:18,008 - INFO - Ratio of val set to dataset: 0.1
2024-07-08 20:10:18,015 - INFO - the ratio of negative to positive data in train: 2.84
2024-07-08 20:10:18,015 - INFO - the ratio of negative to positive data in test: 2.78
2024-07-08 20:10:18,016 - INFO - the ratio of negative to positive data in val: 2.79
2024-07-08 20:10:18,136 - INFO - [32m***** PROCESS COMPLETED: For an overview, please review the Report_3Splits_C1e_NoATP.log file in Reports folder. *****[0m
