2024-07-04 21:31:26,915 - INFO - Current Directory: /Users/vahidatabaigi/SIP/ESP_HardSplits/notebooks_and_code
2024-07-04 21:31:26,915 - INFO - *** Start running the dataSAIL***'
'For more information about dataSAIL please check the dataSAIL documentation: https://datasail.readthedocs.io/en/latest/index.html
2024-07-04 21:31:44,628 - INFO - dataSAIL splits the data successfully
2024-07-04 21:31:44,658 - INFO - Data Report after splitting data by C1e split method and check nan or null cells '
'                      nanTrain  NullTrain  NaNTest  NullTest  nanVal  NullVal
Uniprot ID                   0          0        0         0       0        0
molecule ID                  0          0        0         0       0        0
evidence                     0          0        0         0       0        0
Binding                      0          0        0         0       0        0
type                     10434          0     2981         0    1490        0
substrate ID                 0          0        0         0       0        0
ESM1b_ts                     0          0        0         0       0        0
GNN rep (pretrained)         0          0        0         0       0        0
ECFP                         0          0        0         0       0        0
Sequence                     0          0        0         0       0        0
SMILES                       0          0        0         0       0        0
ids                          0          0        0         0       0        0
split_mol                    0          0        0         0       0        0
2024-07-04 21:31:44,658 - INFO - Total number of samples: 14905
2024-07-04 21:31:44,658 - INFO - Ratio of test set to dataset: 0.2
2024-07-04 21:31:44,658 - INFO - Ratio of val set to dataset: 0.1
2024-07-04 21:31:44,658 - INFO - Start to create negative data points for the training set...
2024-07-04 21:31:52,601 - INFO - Number of metabolites in training set: 905
2024-07-04 21:36:36,036 - INFO - Creating negative data points for the train set DONE
2024-07-04 21:36:36,037 - INFO - Start to create negative data points for the test set...
2024-07-04 21:36:36,937 - INFO - Number of metabolites in test set: 298
2024-07-04 21:38:43,535 - INFO - Creating negative data points for the test set DONE
2024-07-04 21:38:43,535 - INFO - Start to create negative data points for the val set...
2024-07-04 21:38:43,986 - INFO - Number of metabolites in val set: 149
2024-07-04 21:40:03,472 - INFO - Creating negative data points for the val set DONE
2024-07-04 21:40:03,571 - INFO - Data Report after splitting data by C1e split method and check nan or null cells '
'                      nanTrain  NullTrain  NaNTest  NullTest  nanVal  NullVal
Uniprot ID                   0          0        0         0       0        0
molecule ID                  0          0        0         0       0        0
evidence                 29601          0     8293         0    4160        0
Binding                      0          0        0         0       0        0
type                     40035          0    11274         0    5650        0
substrate ID                 0          0        0         0       0        0
ESM1b_ts                     0          0        0         0       0        0
GNN rep (pretrained)         0          0        0         0       0        0
ECFP                         0          0        0         0       0        0
Sequence                     0          0        0         0       0        0
SMILES                       0          0        0         0       0        0
ids                      29601          0     8293         0    4160        0
split_mol                29601          0     8293         0    4160        0
2024-07-04 21:40:03,571 - INFO - Total number of samples: 56959
2024-07-04 21:40:03,571 - INFO - Ratio of test set to dataset: 0.2
2024-07-04 21:40:03,571 - INFO - Ratio of val set to dataset: 0.1
2024-07-04 21:40:03,575 - INFO - the ratio of negative to positive data in train: 2.84
2024-07-04 21:40:03,575 - INFO - the ratio of negative to positive data in test: 2.78
2024-07-04 21:40:03,575 - INFO - the ratio of negative to positive data in val: 2.79
2024-07-04 21:40:03,661 - INFO - [32m***** PROCESS COMPLETED: For an overview, please review the Report_3Splits_C1e_NoATP.log file in Reports folder. *****[0m
