2024-07-11 12:52:25,375 - INFO - Current Directory: /scratch/SCRATCH_SAS/vahid/SIP/ESP_HardSplits/notebooks_and_code
2024-07-11 12:52:25,376 - INFO - Reading the data for C1f_3S
2024-07-11 12:52:25,640 - INFO - Start Clustering the data with CD-HIT
2024-07-11 13:22:03,132 - INFO - Clustering report for 80% similarity
            cluster
count  18304.000000
mean    4662.304032
std     2685.144629
min        0.000000
25%     2413.750000
50%     4591.500000
75%     6949.250000
max     9548.000000
2024-07-11 13:22:03,379 - INFO - Clustering report for 60% similarity
            cluster
count  18304.000000
mean    3945.857845
std     2249.341770
min        0.000000
25%     2100.000000
50%     3866.500000
75%     5830.250000
max     8138.000000
2024-07-11 13:22:03,713 - INFO - Clustering report for 40% similarity
            cluster
count  18304.000000
mean    2779.213123
std     1588.229317
min        0.000000
25%     1479.000000
50%     2661.000000
75%     4082.000000
max     5881.000000
2024-07-11 13:22:40,040 - INFO - Clustering the data with CD-HIT DONE
2024-07-11 13:22:40,052 - INFO - Start Splitting the data based one [7, 2, 1] split size 
2024-07-11 13:23:24,519 - INFO - Data Report after splitting data by ESP split method and check for NaN or null cells in the data
              nanTrain  NullTrain  NaNTest  NullTest  nanVal  NullVal
Uniprot ID           0          0        0         0       0        0
molecule ID          0          0        0         0       0        0
evidence             0          0        0         0       0        0
Binding              0          0        0         0       0        0
type             12806          0     3681         0    1844        0
substrate ID         0          0        0         0       0        0
ESM1b_ts             0          0        0         0       0        0
PreGNN               0          0        0         0       0        0
ECFP                 0          0        0         0       0        0
Sequence             0          0        0         0       0        0
SMILES               0          0        0         0       0        0
split                0          0        0         0       0        0
cluster              9          0        9         0       9        0
2024-07-11 13:23:24,520 - INFO - Ratio of test set to dataset: 0.2
2024-07-11 13:23:24,520 - INFO - Ratio of val set to dataset: 0.1
2024-07-11 13:23:24,520 - INFO - Drop nan data based on cluster column, if exist
2024-07-11 13:23:24,532 - INFO - Start to create negative data points for the train set...
2024-07-11 13:23:59,642 - INFO - Number of metabolites in train set: 1197
2024-07-11 13:41:51,822 - INFO - Creating negative data points for the train set DONE
2024-07-11 13:41:51,822 - INFO - Start to create negative data points for the test set...
2024-07-11 13:42:05,349 - INFO - Number of metabolites in test set: 682
2024-07-11 13:46:40,162 - INFO - Creating negative data points for the test set DONE
2024-07-11 13:46:40,163 - INFO - Start to create negative data points for the val set...
2024-07-11 13:46:46,125 - INFO - Number of metabolites in training set: 462
2024-07-11 13:49:01,638 - INFO - Creating negative data points for the val set DONE
2024-07-11 13:49:02,267 - INFO - Data report after adding negative data and check for NaN or null cells in the data
              nanTrain  NullTrain  NaNTest  NullTest  nanVal  NullVal
Uniprot ID           0          0        0         0       0        0
molecule ID          0          0        0         0       0        0
evidence         35744          0    10362         0    5173        0
Binding              0          0        0         0       0        0
type             48541          0    14034         0    7008        0
substrate ID         0          0        0         0       0        0
ESM1b_ts             0          0        0         0       0        0
PreGNN               0          0        0         0       0        0
ECFP                 0          0        0         0       0        0
Sequence             0          0        0         0       0        0
SMILES               0          0        0         0       0        0
split            35744          0    10362         0    5173        0
cluster          35744          0    10362         0    5173        0
2024-07-11 13:49:02,268 - INFO - Total number of samples: 69583
2024-07-11 13:49:02,268 - INFO - Ratio of test set to dataset: 0.2
2024-07-11 13:49:02,268 - INFO - Ratio of val set to dataset: 0.1
2024-07-11 13:49:02,278 - INFO - The ratio of negative to positive data in train: 2.79
2024-07-11 13:49:02,278 - INFO - The ratio of negative to positive data in test: 2.82
2024-07-11 13:49:02,281 - INFO - The ratio of negative to positive data in val: 2.82
2024-07-11 13:49:03,151 - INFO - [32m***** PROCESS COMPLETED: For an overview, please review the Report_ESPC1f_3S.log file in Reports folder. *****[0m
